<?xml version="1.0" encoding="UTF-8"?>
<testsuites name="Mocha Tests" time="5.2640" tests="4" failures="0">
  <testsuite name="Root Suite" timestamp="2022-11-14T19:18:40" tests="0" time="0.0000" failures="0">
  </testsuite>
  <testsuite name="User Posts" timestamp="2022-11-14T19:18:40" tests="2" file="D:\Documents\GitHub\api-automation\test\posts.js" time="0.0000" failures="0">
    <testcase name="User Posts POST /posts" time="1.5490" classname="POST /posts">
    </testcase>
    <testcase name="User Posts GET /posts/:id" time="0.7630" classname="GET /posts/:id">
    </testcase>
  </testsuite>
  <testsuite name="Negative tests" timestamp="2022-11-14T19:18:43" tests="2" file="D:\Documents\GitHub\api-automation\test\posts.js" time="2.3470" failures="0">
    <testcase name="User Posts Negative tests 401 Authentication" time="0.7240" classname="401 Authentication">
    </testcase>
    <testcase name="User Posts Negative tests 422 Validation failed" time="1.6220" classname="422 Validation failed">
    </testcase>
  </testsuite>
</testsuites>